\BOOKMARK [0][-]{chapter.1}{\376\377\000W\000h\000a\000t\000\040\000i\000s\000\040\000H\000o\000k\000i\000?}{}% 1
\BOOKMARK [1][-]{section.1.1}{\376\377\000B\000r\000i\000d\000g\000i\000n\000g\000\040\000t\000h\000e\000\040\000g\000a\000p\000\040\000b\000e\000t\000w\000e\000e\000n\000\040\000t\000h\000e\000o\000r\000y\000\040\000a\000n\000d\000\040\000o\000b\000s\000e\000r\000v\000a\000t\000i\000o\000n\000s}{chapter.1}% 2
\BOOKMARK [1][-]{section.1.2}{\376\377\000B\000u\000i\000l\000t\000\040\000w\000i\000t\000h\000\040\000D\000a\000t\000a\000\040\000A\000n\000a\000l\000y\000s\000i\000s\000\040\000i\000n\000\040\000m\000i\000n\000d}{chapter.1}% 3
\BOOKMARK [1][-]{section.1.3}{\376\377\000S\000e\000l\000l\000\040\000t\000h\000a\000t\000\040\000i\000s\000h\000\040\000h\000o\000n\000e\000y}{chapter.1}% 4
\BOOKMARK [0][-]{chapter.2}{\376\377\000Q\000u\000i\000c\000k\000\040\000S\000t\000a\000r\000t}{}% 5
\BOOKMARK [1][-]{section.2.1}{\376\377\000S\000e\000t\000-\000u\000p}{chapter.2}% 6
\BOOKMARK [2][-]{subsection.2.1.1}{\376\377\000I\000n\000s\000t\000a\000l\000l\000\040\000H\000o\000k\000i}{section.2.1}% 7
\BOOKMARK [2][-]{subsection.2.1.2}{\376\377\000D\000o\000w\000n\000l\000o\000a\000d\000\040\000t\000h\000e\000\040\000B\000P\000A\000S\000S\000\040\000m\000o\000d\000e\000l\000s}{section.2.1}% 8
\BOOKMARK [1][-]{section.2.2}{\376\377\000L\000o\000a\000d\000i\000n\000g\000\040\000i\000n\000\040\000D\000a\000t\000a}{chapter.2}% 9
\BOOKMARK [2][-]{subsection.2.2.1}{\376\377\000S\000t\000e\000l\000l\000a\000r\000\040\000M\000o\000d\000e\000l\000\040\000O\000u\000t\000p\000u\000t\000s}{section.2.2}% 10
\BOOKMARK [2][-]{subsection.2.2.2}{\376\377\000S\000t\000e\000l\000l\000a\000r\000\040\000P\000o\000p\000u\000l\000a\000t\000i\000o\000n\000\040\000O\000u\000t\000p\000u\000t\000s}{section.2.2}% 11
\BOOKMARK [2][-]{subsection.2.2.3}{\376\377\000S\000p\000e\000c\000t\000r\000a\000l\000\040\000S\000y\000n\000t\000h\000e\000s\000i\000s\000\040\000O\000u\000t\000p\000u\000t\000s}{section.2.2}% 12
\BOOKMARK [0][-]{chapter.3}{\376\377\0001\000.\000\040\000T\000r\000a\000n\000s\000i\000e\000n\000t\000\040\000r\000a\000t\000e\000s}{}% 13
\BOOKMARK [1][-]{section.3.1}{\376\377\0001\000.\0001\000\040\000I\000n\000i\000t\000i\000a\000l\000\040\000i\000m\000p\000o\000r\000t\000s}{chapter.3}% 14
\BOOKMARK [1][-]{section.3.2}{\376\377\0001\000.\0002\000\040\000L\000o\000a\000d\000i\000n\000g\000\040\000i\000n\000\040\000t\000h\000e\000\040\000d\000a\000t\000a\000\040\000a\000n\000d\000\040\000i\000n\000i\000t\000i\000a\000l\000\040\000s\000e\000t\000-\000u\000p}{chapter.3}% 15
\BOOKMARK [2][-]{subsection.3.2.1}{\376\377\000C\000o\000r\000e\000\040\000C\000o\000l\000l\000a\000p\000s\000e\000\040\000S\000u\000p\000e\000r\000n\000o\000v\000a\000e\000\040\000r\000a\000t\000e\000s}{section.3.2}% 16
\BOOKMARK [2][-]{subsection.3.2.2}{\376\377\000O\000t\000h\000e\000r\000\040\000t\000r\000a\000n\000s\000i\000e\000n\000t\000s}{section.3.2}% 17
\BOOKMARK [1][-]{section.3.3}{\376\377\0001\000.\0003\000\040\000G\000e\000t\000t\000i\000n\000g\000\040\000t\000h\000e\000\040\000U\000n\000i\000t\000s\000\040\000r\000i\000g\000h\000t}{chapter.3}% 18
\BOOKMARK [1][-]{section.3.4}{\376\377\0001\000.\0004\000\040\000P\000l\000o\000t\000t\000i\000n\000g\000\040\000t\000h\000e\000\040\000t\000r\000a\000n\000s\000i\000e\000n\000t\000\040\000r\000a\000t\000e\000s}{chapter.3}% 19
\BOOKMARK [2][-]{subsection.3.4.1}{\376\377\000T\000h\000a\000t\040\031\000s\000\040\000n\000o\000t\000\040\000q\000u\000i\000t\000e\000\040\000t\000h\000e\000\040\000s\000a\000m\000e\000\040\000a\000s\000\040\000f\000i\000g\000u\000r\000e\000\040\0001\000\040\000-\000\040\000P\000I\000S\000N\000e\000\040\000a\000n\000d\000\040\000C\000C\000S\000N\000e\000\040\000i\000n\000\040\000p\000a\000r\000t\000i\000c\000u\000l\000a\000r\000\040\000?\000?}{section.3.4}% 20
\BOOKMARK [0][-]{chapter.4}{\376\377\0002\000.\000\040\000H\000R\000\040\000d\000i\000a\000g\000r\000a\000m\000s}{}% 21
\BOOKMARK [1][-]{section.4.1}{\376\377\0002\000.\0001\000\040\000I\000n\000i\000t\000i\000a\000l\000\040\000i\000m\000p\000o\000r\000t\000s}{chapter.4}% 22
\BOOKMARK [1][-]{section.4.2}{\376\377\0002\000.\0002\000\040\000L\000o\000a\000d\000i\000n\000g\000\040\000i\000n\000\040\000t\000h\000e\000\040\000d\000a\000t\000a}{chapter.4}% 23
\BOOKMARK [2][-]{subsection.4.2.1}{\376\377\000I\000n\000f\000o\000r\000m\000a\000t\000i\000o\000n\000\040\000a\000b\000o\000u\000t\000\040\000t\000h\000e\000\040\000t\000o\000o\000l\000s\000\040\000y\000o\000u\040\031\000r\000e\000\040\000a\000b\000o\000u\000t\000\040\000t\000o\000\040\000u\000s\000e\000.}{section.4.2}% 24
\BOOKMARK [2][-]{subsection.4.2.2}{\376\377\000L\000o\000a\000d\000i\000n\000g\000\040\000t\000h\000e\000\040\000H\000R\000\040\000d\000i\000a\000g\000r\000a\000m\000s}{section.4.2}% 25
\BOOKMARK [2][-]{subsection.4.2.3}{\376\377\000L\000o\000a\000d\000i\000n\000g\000\040\000s\000o\000m\000e\000\040\000o\000b\000s\000e\000r\000v\000a\000t\000i\000o\000n\000a\000l\000\040\000d\000a\000t\000a}{section.4.2}% 26
\BOOKMARK [1][-]{section.4.3}{\376\377\0002\000.\0003\000\040\000P\000l\000o\000t\000t\000i\000n\000g\000\040\000H\000R\000\040\000d\000i\000a\000g\000r\000a\000m\000s}{chapter.4}% 27
\BOOKMARK [2][-]{subsection.4.3.1}{\376\377\000M\000a\000k\000i\000n\000g\000\040\000a\000\040\000s\000i\000n\000g\000l\000e\000\040\000p\000l\000o\000t}{section.4.3}% 28
\BOOKMARK [2][-]{subsection.4.3.2}{\376\377\0002\000.\0003\000.\0002\000\040\000M\000u\000l\000t\000i\000p\000l\000e\000\040\000p\000l\000o\000t\000s}{section.4.3}% 29
\BOOKMARK [1][-]{section.4.4}{\376\377\0002\000.\0004\000\040\000C\000u\000s\000t\000o\000m\000i\000z\000i\000n\000g\000\040\000y\000o\000u\000r\000\040\000p\000l\000o\000t\000s\000\040\000w\000i\000t\000h\000\040\000m\000a\000t\000p\000l\000o\000t\000l\000i\000b\000\040\000k\000e\000y\000\040\000w\000o\000r\000d\000\040\000a\000r\000g\000u\000m\000e\000n\000t\000s}{chapter.4}% 30
\BOOKMARK [0][-]{chapter.5}{\376\377\000l\000o\000a\000d}{}% 31
\BOOKMARK [0][-]{chapter.6}{\376\377\000h\000r\000d\000i\000a\000g\000r\000a\000m\000s}{}% 32
\BOOKMARK [0][-]{chapter.7}{\376\377\000I\000n\000d\000i\000c\000e\000s\000\040\000a\000n\000d\000\040\000t\000a\000b\000l\000e\000s}{}% 33
\BOOKMARK [0][-]{section*.25}{\376\377\000P\000y\000t\000h\000o\000n\000\040\000M\000o\000d\000u\000l\000e\000\040\000I\000n\000d\000e\000x}{}% 34
\BOOKMARK [0][-]{section*.26}{\376\377\000I\000n\000d\000e\000x}{}% 35
